000	
001	Неверное целое число: %s
002	Неверное вещественное число: %s
003	Не могу найти заголовочный файл: %s
004	Не могу найти библиотечный файл: %s
005	Не могу найти файл рисунка: %s
006	Отсутствует левая скобка в вызове макрофункции %s
007	Отсутствует правая скобка в вызове макрофункции %s
008	Размер %i-го элемента списка %s не соответствует размеру списка
009	Ожидается оператор "[][]" или метод списка для %s
010	Закрытие пустого объекта
011	Блок #defineblock уже открыт
012	Блок #defineblock не открыт
013	Параметр у #defineblock должен быть begin или end
014	Ошибка условной компиляции - не указан аргумент (#ifdef)
015	Ошибка условной компиляции - не указан аргумент (#ifnotdef)
016	Ошибка условной компиляции - не указан аргумент (#elseif)
017	Ошибка условной компиляции - не указан аргумент (#elseifnot)
018	Ошибка условной компиляции - директиве #elseif должна предшевствовать #ifdef или #ifnotdef
019	Ошибка условной компиляции - директиве #elseifnot должна предшевствовать #ifdef или #ifnotdef
020	Ошибка условной компиляции - блок не может начинаться с директивы #else 
021	Ошибка условной компиляции (#endif)
022	Ожидается идентификатор для #define
023	Ожидается один идентификатор для #undefine
024	Ожидается идентификатор для #macro
025	Вложенные макрофункции недопустимы
026	Ожидается имя списка #list
027	Вложенные списки недопустимы
028	Ожидается идентификатор и список параметров для #foreach
029	Вложенные итераторы #foreach недопустимы
030	Неверно задан список для итератора #foreach
031	Формат команды: #make res +(-) <fileanme>'
031	#foreach -> число аргументов в скобках (%i) должно равняться размеру списка + 1 (%i)
032	Ожидается имя включаемого файла для #include
033	Аргумент #include должен быть заключен в "" или <>
034	Ожидается имя включаемого файла для #uselibrary
035	Аргумент #uselibrary должен быть заключен в ""
036	Формат команды: #make res +(-) <fileanme>
037	Неверная директива препроцессора: %s
038	Ожидается слово в двойных кавычках: %s
039	Такая макрофункция %s уже определена
040	Отсутствует закрывающий #endif
041	Неизвестный формат рисунка: %s
042	Неверный индекс записи списка: %i
043	Неверный индекс столбца списка: %i
044	Файл не найден: %s
045	Ошибка сохранения файла: %s
046
047
048
049
050
051
052
053
054
055
056
057
058
059
060
061
062
063
064
065
066
067
068
069
070
071
072
073
074
075
076
077
078
079
080
081
082
083
084
085
086
087
088
089
090
091
092
093
094
095
096
097
098
099
100	Закрытие неоткрытого комментария "-->"
101	Не найдены закрывающие кавычки
102	Неожиданный конец файла
103	Ожидается имя параметра
104	Ожидается знак "%s"
105	Объект %s не имеет параметра %s
106	Ожидается имя объекта
107	Неизвестный тип объекта: %s
108	Ожидается закрывающий тэг: %s
109	Неожиданный конец строки
110	Неожиданный конец документа
111	Неверный символ
112	Внутренняя ошибка. %s
113	Внутренняя ошибка. Поиск %s
114	Ожидается целое число %s
115	Объект не найден: %s
116	Атрибут объекта не найден: %s::%s
117
118
119
120
121
122
123
124
125
126
127
128
129
130
131
132
133
134
135
136
137
138
139
140
141
142
143
144
145
146
147
148
149
150	платформа не найдена: %s
151	файл уже существует: %s
152	не могу создать файл: %s
153	устройство не найдено: %s